\BOOKMARK [1][-]{section.1}{\376\377\060\250\060\260\060\274\060\257\060\306\060\243\060\326\060\265\060\336\060\352\060\374}{}% 1
\BOOKMARK [2][-]{subsection.1.1}{\376\377\060\327\060\355\060\300\060\257\060\310\151\202\211\201}{section.1}% 2
\BOOKMARK [2][-]{subsection.1.2}{\376\377\136\002\130\064\152\137\117\032}{section.1}% 3
\BOOKMARK [2][-]{subsection.1.3}{\376\377\0003\136\164\142\020\225\167\060\267\060\312\060\352\060\252}{section.1}% 4
\BOOKMARK [1][-]{section.2}{\376\377\136\002\130\064\122\006\147\220}{}% 5
\BOOKMARK [2][-]{subsection.2.1}{\376\377\000T\000A\000M\000/\000S\000A\000M\000/\000S\000O\000M\122\006\147\220}{section.2}% 6
\BOOKMARK [3][-]{subsubsection.2.1.1}{\376\377\000T\000A\000M\377\010\000T\000o\000t\000a\000l\000\040\000A\000d\000d\000r\000e\000s\000s\000a\000b\000l\000e\000\040\000M\000a\000r\000k\000e\000t\377\011}{subsection.2.1}% 7
\BOOKMARK [3][-]{subsubsection.2.1.2}{\376\377\000S\000A\000M\377\010\000S\000e\000r\000v\000i\000c\000e\000a\000b\000l\000e\000\040\000A\000v\000a\000i\000l\000a\000b\000l\000e\000\040\000M\000a\000r\000k\000e\000t\377\011}{subsection.2.1}% 8
\BOOKMARK [3][-]{subsubsection.2.1.3}{\376\377\000S\000O\000M\377\010\000S\000e\000r\000v\000i\000c\000e\000a\000b\000l\000e\000\040\000O\000b\000t\000a\000i\000n\000a\000b\000l\000e\000\040\000M\000a\000r\000k\000e\000t\377\011}{subsection.2.1}% 9
\BOOKMARK [2][-]{subsection.2.2}{\376\377\136\002\130\064\060\310\060\354\060\363\060\311}{section.2}% 10
\BOOKMARK [2][-]{subsection.2.3}{\376\377\172\366\124\010\162\266\154\301}{section.2}% 11
\BOOKMARK [1][-]{section.3}{\376\377\060\335\060\270\060\267\060\347\060\313\060\363\060\260\142\046\165\145}{}% 12
\BOOKMARK [2][-]{subsection.3.1}{\376\377\060\335\060\270\060\267\060\347\060\313\060\363\060\260\060\336\060\303\060\327}{section.3}% 13
\BOOKMARK [2][-]{subsection.3.2}{\376\377\0003\060\144\060\156\135\356\122\045\123\026\216\370}{section.3}% 14
\BOOKMARK [2][-]{subsection.3.3}{\376\377\117\241\120\044\143\320\150\110\377\010\000V\000a\000l\000u\000e\000\040\000P\000r\000o\000p\000o\000s\000i\000t\000i\000o\000n\377\011}{section.3}% 15
\BOOKMARK [1][-]{section.4}{\376\377\000G\000o\000-\000t\000o\000-\000M\000a\000r\000k\000e\000t\142\046\165\145}{}% 16
\BOOKMARK [2][-]{subsection.4.1}{\376\377\060\325\060\247\060\374\060\272\122\045\142\046\165\145}{section.4}% 17
\BOOKMARK [3][-]{subsubsection.4.1.1}{\376\377\000P\000h\000a\000s\000e\000\040\0001\000:\000\040\000M\000V\000P\000/\000P\000M\000F\151\034\212\074\377\010\0003\000-\0004\060\366\147\010\377\011}{subsection.4.1}% 18
\BOOKMARK [3][-]{subsubsection.4.1.2}{\376\377\000P\000h\000a\000s\000e\000\040\0002\000:\000\040\122\035\147\037\230\147\133\242\163\162\137\227\377\010\0003\000-\0004\060\366\147\010\377\011}{subsection.4.1}% 19
\BOOKMARK [3][-]{subsubsection.4.1.3}{\376\377\000P\000h\000a\000s\000e\000\040\0003\000:\000\040\060\271\060\261\060\374\060\353\377\010\0006\060\366\147\010\060\034\377\011}{subsection.4.1}% 20
\BOOKMARK [2][-]{subsection.4.2}{\376\377\060\327\060\351\060\244\060\267\060\363\060\260\142\046\165\145}{section.4}% 21
\BOOKMARK [2][-]{subsection.4.3}{\376\377\060\301\060\343\060\315\060\353\142\046\165\145}{section.4}% 22
\BOOKMARK [1][-]{section.5}{\376\377\225\213\166\172\060\355\060\374\060\311\060\336\060\303\060\327}{}% 23
\BOOKMARK [2][-]{subsection.5.1}{\376\377\060\325\060\247\060\374\060\272\122\045\225\213\166\172\212\010\165\073}{section.5}% 24
\BOOKMARK [3][-]{subsubsection.5.1.1}{\376\377\000P\000h\000a\000s\000e\000\040\0001\000:\000\040\000M\000V\000P\377\010\0003\000-\0004\060\366\147\010\377\011}{subsection.5.1}% 25
\BOOKMARK [3][-]{subsubsection.5.1.2}{\376\377\000P\000h\000a\000s\000e\000\040\0002\000:\000\040\000G\000r\000o\000w\000t\000h\377\010\0003\000-\0004\060\366\147\010\377\011}{subsection.5.1}% 26
\BOOKMARK [3][-]{subsubsection.5.1.3}{\376\377\000P\000h\000a\000s\000e\000\040\0003\000:\000\040\000S\000c\000a\000l\000e\377\010\0006\060\366\147\010\377\011}{subsection.5.1}% 27
\BOOKMARK [3][-]{subsubsection.5.1.4}{\376\377\000P\000h\000a\000s\000e\000\040\0004\000:\000\040\000P\000l\000a\000t\000f\000o\000r\000m\377\010\0006\060\366\147\010\377\011}{subsection.5.1}% 28
\BOOKMARK [2][-]{subsection.5.2}{\376\377\142\200\210\123\000K\000P\000I}{section.5}% 29
\BOOKMARK [1][-]{section.6}{\376\377\172\366\124\010\135\356\122\045\123\026\142\046\165\145}{}% 30
\BOOKMARK [2][-]{subsection.6.1}{\376\377\143\001\175\232\123\357\200\375\060\152\172\366\116\211\121\052\117\115\060\156\151\313\173\311}{section.6}% 31
\BOOKMARK [3][-]{subsubsection.6.1.1}{\376\377\167\355\147\037\166\204\135\356\122\045\123\026\377\010\0000\000-\0006\060\366\147\010\377\011}{subsection.6.1}% 32
\BOOKMARK [3][-]{subsubsection.6.1.2}{\376\377\116\055\147\037\166\204\135\356\122\045\123\026\377\010\0006\000-\0001\0002\060\366\147\010\377\011}{subsection.6.1}% 33
\BOOKMARK [3][-]{subsubsection.6.1.3}{\376\377\225\167\147\037\166\204\135\356\122\045\123\026\377\010\0001\000-\0002\136\164\377\011}{subsection.6.1}% 34
\BOOKMARK [2][-]{subsection.6.2}{\376\377\0004\060\144\060\156\226\062\137\241\130\301}{section.6}% 35
\BOOKMARK [2][-]{subsection.6.3}{\376\377\000V\000A\000P\000I\117\235\133\130\060\352\060\271\060\257\133\376\173\126}{section.6}% 36
\BOOKMARK [1][-]{section.7}{\376\377\060\277\060\374\060\262\060\303\060\310\060\332\060\353\060\275\060\312}{}% 37
\BOOKMARK [2][-]{subsection.7.1}{\376\377\000B\0002\000B\000\040\134\016\121\145\154\172\133\232\200\005}{section.7}% 38
\BOOKMARK [3][-]{subsubsection.7.1.1}{\376\377\060\332\060\353\060\275\060\312\0001\000:\000\040\000E\000C\060\336\060\374\060\261\060\306\060\243\060\363\060\260\214\254\116\373\200\005\377\010\147\000\121\052\121\110\377\011}{subsection.7.1}% 39
\BOOKMARK [3][-]{subsubsection.7.1.2}{\376\377\060\332\060\353\060\275\060\312\0002\000:\000\040\000E\000C\142\200\210\123\214\254\116\373\200\005}{subsection.7.1}% 40
\BOOKMARK [3][-]{subsubsection.7.1.3}{\376\377\060\332\060\353\060\275\060\312\0003\000:\000\040\000E\000C\116\213\151\155\175\114\125\266\200\005}{subsection.7.1}% 41
\BOOKMARK [2][-]{subsection.7.2}{\376\377\000B\0002\000C\000\040\060\250\060\363\060\311\060\346\060\374\060\266\060\374}{section.7}% 42
\BOOKMARK [3][-]{subsubsection.7.2.1}{\376\377\060\332\060\353\060\275\060\312\0004\000:\000\040\060\307\060\270\060\277\060\353\060\315\060\244\060\306\060\243\060\326\116\073\132\146}{subsection.7.2}% 43
\BOOKMARK [3][-]{subsubsection.7.2.2}{\376\377\060\332\060\353\060\275\060\312\0005\000:\000\040\060\254\060\270\060\247\060\303\060\310\131\175\060\115\202\345\142\113\171\076\117\032\116\272}{subsection.7.2}% 44
\BOOKMARK [1][-]{section.8}{\376\377\123\316\166\312\060\342\060\307\060\353}{}% 45
\BOOKMARK [2][-]{subsection.8.1}{\376\377\060\317\060\244\060\326\060\352\060\303\060\311\123\316\166\312\060\342\060\307\060\353}{section.8}% 46
\BOOKMARK [2][-]{subsection.8.2}{\376\377\000U\000n\000i\000t\000\040\000E\000c\000o\000n\000o\000m\000i\000c\000s}{section.8}% 47
\BOOKMARK [2][-]{subsection.8.3}{\376\377\144\015\166\312\122\006\134\220\160\271\122\006\147\220}{section.8}% 48
\BOOKMARK [1][-]{section.9}{\376\377\133\237\210\114\212\010\165\073}{}% 49
\BOOKMARK [2][-]{subsection.9.1}{\376\377\166\364\217\321\0003\060\366\147\010\060\156\060\242\060\257\060\267\060\347\060\363\060\327\060\351\060\363}{section.9}% 50
\BOOKMARK [3][-]{subsubsection.9.1.1}{\376\377\000M\000o\000n\000t\000h\000\040\0001\000:\000\040\156\226\120\231}{subsection.9.1}% 51
\BOOKMARK [3][-]{subsubsection.9.1.2}{\376\377\000M\000o\000n\000t\000h\000\040\0002\000:\000\040\060\331\060\374\060\277\225\213\131\313}{subsection.9.1}% 52
\BOOKMARK [3][-]{subsubsection.9.1.3}{\376\377\000M\000o\000n\000t\000h\000\040\0003\000:\000\040\000P\000M\000F\151\034\212\074}{subsection.9.1}% 53
\BOOKMARK [2][-]{subsection.9.2}{\376\377\116\312\060\131\060\120\133\237\210\114\060\131\060\171\060\115\000T\000O\000P\000\040\0001\0000}{section.9}% 54
\BOOKMARK [1][-]{section.10}{\376\377\060\352\060\271\060\257\060\150\133\376\173\126}{}% 55
\BOOKMARK [2][-]{subsection.10.1}{\376\377\116\073\211\201\060\352\060\271\060\257}{section.10}% 56
\BOOKMARK [2][-]{subsection.10.2}{\376\377\133\376\173\126\060\156\212\163\175\060}{section.10}% 57
\BOOKMARK [3][-]{subsubsection.10.2.1}{\376\377\000v\000s\000\040\000V\000A\000P\000I\127\202\166\364\175\161\124\010}{subsection.10.2}% 58
\BOOKMARK [3][-]{subsubsection.10.2.2}{\376\377\000v\000s\000\040\131\047\142\113\000E\000C\060\327\060\351\060\303\060\310\060\325\060\251\060\374\060\340\121\205\210\375\123\026}{subsection.10.2}% 59
\BOOKMARK [1][-]{section.11}{\376\377\175\120\212\326}{}% 60
\BOOKMARK [2][-]{subsection.11.1}{\376\377\142\046\165\145\060\156\150\070\137\303}{section.11}% 61
